[debug] [2025-05-20T23:44:13.781Z] ----------------------------------------------------------------------
[debug] [2025-05-20T23:44:13.783Z] Command:       C:\Program Files\nodejs\node.exe C:\Users\Sheep\AppData\Roaming\npm\node_modules\firebase-tools\lib\bin\firebase.js init
[debug] [2025-05-20T23:44:13.783Z] CLI Version:   14.4.0
[debug] [2025-05-20T23:44:13.783Z] Platform:      win32
[debug] [2025-05-20T23:44:13.783Z] Node Version:  v22.15.1
[debug] [2025-05-20T23:44:13.783Z] Time:          Tue May 20 2025 16:44:13 GMT-0700 (Pacific Daylight Time)
[debug] [2025-05-20T23:44:13.783Z] ----------------------------------------------------------------------
[debug] 
[debug] [2025-05-20T23:44:13.787Z] > command requires scopes: ["email","openid","https://www.googleapis.com/auth/cloudplatformprojects.readonly","https://www.googleapis.com/auth/firebase","https://www.googleapis.com/auth/cloud-platform"]
[debug] [2025-05-20T23:44:13.787Z] > authorizing via signed-in user (thebyronc@gmail.com)
[info] 
     ######## #### ########  ######## ########     ###     ######  ########
     ##        ##  ##     ## ##       ##     ##  ##   ##  ##       ##
     ######    ##  ########  ######   ########  #########  ######  ######
     ##        ##  ##    ##  ##       ##     ## ##     ##       ## ##
     ##       #### ##     ## ######## ########  ##     ##  ######  ########

You're about to initialize a Firebase project in this directory:

  C:\Users\Sheep\code\bcportfolio

[info] 
=== Project Setup
[info] 
[info] First, let's associate this project directory with a Firebase project.
[info] You can create multiple project aliases by running firebase use --add, 
[info] but for now we'll just set up a default project.
[info] 
[info] i  If you want to create a project in a Google Cloud organization or folder, please use "firebase projects:create" instead, and return to this command when you've created the project. 
[debug] [2025-05-21T04:51:40.538Z] ExitPromptError: User force closed the prompt with SIGINT
    at Interface.sigint (C:\Users\Sheep\AppData\Roaming\npm\node_modules\firebase-tools\node_modules\@inquirer\core\dist\commonjs\lib\create-prompt.js:100:37)
    at Interface.emit (node:events:518:28)
    at Interface.emit (node:domain:489:12)
    at [_ttyWrite] [as _ttyWrite] (node:internal/readline/interface:1128:18)
    at ReadStream.onkeypress (node:internal/readline/interface:267:20)
    at ReadStream.emit (node:events:530:35)
    at ReadStream.emit (node:domain:489:12)
    at emitKeys (node:internal/readline/utils:370:14)
    at emitKeys.next (<anonymous>)
    at ReadStream.onData (node:internal/readline/emitKeypressEvents:64:36)
[error] 
[error] Error: An unexpected error has occurred.
